2025-08-27 02:17:03,245 - INFO - Loading datasets...
2025-08-27 02:17:04,108 - INFO - Dataset sizes - Train: 4400, Val: 1036
2025-08-27 02:17:04,108 - INFO - Feature dimension: 8
2025-08-27 02:17:04,525 - INFO - Model type: SpatialAwareEventMamba
2025-08-27 02:17:04,527 - INFO - Total parameters: 263,300
2025-08-27 02:17:04,527 - INFO - Trainable parameters: 263,300
2025-08-27 02:17:04,527 - INFO - Starting training...
2025-08-27 02:19:01,755 - INFO - Epoch 1: train_loss=0.0115, train_acc=0.9790, val_loss=0.0077, val_acc=0.9866
2025-08-27 02:19:01,775 - INFO - Saved best model with val_loss=0.0077
2025-08-27 02:21:02,098 - INFO - Epoch 2: train_loss=0.0071, train_acc=0.9885, val_loss=0.0066, val_acc=0.9904
2025-08-27 02:21:02,111 - INFO - Saved best model with val_loss=0.0066
2025-08-27 02:23:02,314 - INFO - Epoch 3: train_loss=0.0063, train_acc=0.9895, val_loss=0.0066, val_acc=0.9904
2025-08-27 02:23:02,324 - INFO - Saved best model with val_loss=0.0066
2025-08-27 02:24:59,454 - INFO - Epoch 4: train_loss=0.0058, train_acc=0.9900, val_loss=0.0062, val_acc=0.9906
2025-08-27 02:24:59,463 - INFO - Saved best model with val_loss=0.0062
2025-08-27 02:26:51,998 - INFO - Epoch 5: train_loss=0.0055, train_acc=0.9901, val_loss=0.0062, val_acc=0.9908
2025-08-27 02:28:42,774 - INFO - Epoch 6: train_loss=0.0053, train_acc=0.9903, val_loss=0.0061, val_acc=0.9906
2025-08-27 02:28:42,782 - INFO - Saved best model with val_loss=0.0061
2025-08-27 02:30:37,183 - INFO - Epoch 7: train_loss=0.0052, train_acc=0.9905, val_loss=0.0062, val_acc=0.9909
2025-08-27 02:32:32,821 - INFO - Epoch 8: train_loss=0.0050, train_acc=0.9907, val_loss=0.0060, val_acc=0.9906
2025-08-27 02:32:32,828 - INFO - Saved best model with val_loss=0.0060
2025-08-27 02:34:22,612 - INFO - Epoch 9: train_loss=0.0049, train_acc=0.9907, val_loss=0.0063, val_acc=0.9913
2025-08-27 02:36:15,641 - INFO - Epoch 10: train_loss=0.0047, train_acc=0.9910, val_loss=0.0057, val_acc=0.9915
2025-08-27 02:36:15,650 - INFO - Saved best model with val_loss=0.0057
